<?xml version="1.0" encoding="UTF-8"?>
<testsuite xmlns:xsi="http://www.w3.org/2001/XMLSchema-instance" xsi:noNamespaceSchemaLocation="https://maven.apache.org/surefire/maven-surefire-plugin/xsd/surefire-test-report-3.0.xsd" version="3.0" name="org.demo.AppTest" time="0.019" tests="1" errors="0" skipped="0" failures="0">
  <properties>
    <property name="java.specification.version" value="25"/>
    <property name="sun.cpu.isalist" value="amd64"/>
    <property name="sun.jnu.encoding" value="Cp1252"/>
    <property name="java.class.path" value="C:\Users\enit-024\Desktop\Fakultet\Final_Papers_Imad_Buljic\Diplomski Rad\Research\PerformanceGuard\vt-minisrv\minisrv\target\test-classes;C:\Users\enit-024\Desktop\Fakultet\Final_Papers_Imad_Buljic\Diplomski Rad\Research\PerformanceGuard\vt-minisrv\minisrv\target\classes;C:\Users\enit-024\.m2\repository\junit\junit\3.8.1\junit-3.8.1.jar;"/>
    <property name="java.vm.vendor" value="Oracle Corporation"/>
    <property name="sun.arch.data.model" value="64"/>
    <property name="user.variant" value=""/>
    <property name="java.vendor.url" value="https://java.oracle.com/"/>
    <property name="user.timezone" value="Europe/Warsaw"/>
    <property name="os.name" value="Windows 10"/>
    <property name="java.vm.specification.version" value="25"/>
    <property name="sun.java.launcher" value="SUN_STANDARD"/>
    <property name="user.country" value="US"/>
    <property name="sun.boot.library.path" value="C:\Users\enit-024\.jdks\openjdk-ea-25\bin"/>
    <property name="sun.java.command" value="C:\Users\enit-024\AppData\Local\Temp\surefire2366938099826821992\surefirebooter-20250617093128166_3.jar C:\Users\enit-024\AppData\Local\Temp\surefire2366938099826821992 2025-06-17T09-31-28_089-jvmRun1 surefire-20250617093128166_1tmp surefire_0-20250617093128166_2tmp"/>
    <property name="jdk.debug" value="release"/>
    <property name="surefire.test.class.path" value="C:\Users\enit-024\Desktop\Fakultet\Final_Papers_Imad_Buljic\Diplomski Rad\Research\PerformanceGuard\vt-minisrv\minisrv\target\test-classes;C:\Users\enit-024\Desktop\Fakultet\Final_Papers_Imad_Buljic\Diplomski Rad\Research\PerformanceGuard\vt-minisrv\minisrv\target\classes;C:\Users\enit-024\.m2\repository\junit\junit\3.8.1\junit-3.8.1.jar;"/>
    <property name="sun.cpu.endian" value="little"/>
    <property name="user.home" value="C:\Users\enit-024"/>
    <property name="user.language" value="en"/>
    <property name="java.specification.vendor" value="Oracle Corporation"/>
    <property name="java.version.date" value="2025-09-16"/>
    <property name="java.home" value="C:\Users\enit-024\.jdks\openjdk-ea-25"/>
    <property name="file.separator" value="\"/>
    <property name="basedir" value="C:\Users\enit-024\Desktop\Fakultet\Final_Papers_Imad_Buljic\Diplomski Rad\Research\PerformanceGuard\vt-minisrv\minisrv"/>
    <property name="java.vm.compressedOopsMode" value="Zero based"/>
    <property name="line.separator" value="&#10;"/>
    <property name="java.vm.specification.vendor" value="Oracle Corporation"/>
    <property name="java.specification.name" value="Java Platform API Specification"/>
    <property name="surefire.real.class.path" value="C:\Users\enit-024\AppData\Local\Temp\surefire2366938099826821992\surefirebooter-20250617093128166_3.jar"/>
    <property name="user.script" value=""/>
    <property name="sun.management.compiler" value="HotSpot 64-Bit Tiered Compilers"/>
    <property name="java.runtime.version" value="25-ea+27-3363"/>
    <property name="user.name" value="enit-024"/>
    <property name="stdout.encoding" value="Cp1252"/>
    <property name="path.separator" value=";"/>
    <property name="os.version" value="10.0"/>
    <property name="java.runtime.name" value="OpenJDK Runtime Environment"/>
    <property name="file.encoding" value="UTF-8"/>
    <property name="java.vm.name" value="OpenJDK 64-Bit Server VM"/>
    <property name="localRepository" value="C:\Users\enit-024\.m2\repository"/>
    <property name="java.vendor.url.bug" value="https://bugreport.java.com/bugreport/"/>
    <property name="java.io.tmpdir" value="C:\Users\enit-024\AppData\Local\Temp\"/>
    <property name="java.version" value="25-ea"/>
    <property name="user.dir" value="C:\Users\enit-024\Desktop\Fakultet\Final_Papers_Imad_Buljic\Diplomski Rad\Research\PerformanceGuard\vt-minisrv\minisrv"/>
    <property name="os.arch" value="amd64"/>
    <property name="java.vm.specification.name" value="Java Virtual Machine Specification"/>
    <property name="sun.os.patch.level" value=""/>
    <property name="native.encoding" value="Cp1252"/>
    <property name="java.library.path" value="C:\Users\enit-024\.jdks\openjdk-ea-25\bin;C:\Windows\Sun\Java\bin;C:\Windows\system32;C:\Windows;C:\Users\enit-024\bin;C:\Program Files\Git\mingw64\bin;C:\Program Files\Git\usr\local\bin;C:\Program Files\Git\usr\bin;C:\Program Files\Git\usr\bin;C:\Program Files\Git\mingw64\bin;C:\Program Files\Git\usr\bin;C:\Users\enit-024\bin;C:\Users\enit-024\.jdks\openjdk-ea-25\bin;C:\Python312\Scripts;C:\Python312;C:\Program Files\Common Files\Oracle\Java\javapath;C:\Windows\system32;C:\Windows;C:\Windows\System32\Wbem;C:\Windows\System32\WindowsPowerShell\v1.0;C:\Windows\System32\OpenSSH;C:\Program Files\Git\cmd;C:\Program Files\dotnet;C:\ProgramData\chocolatey\bin;C:\Program Files\GitHub CLI;C:\Program Files (x86)\Microsoft SQL Server\160\Tools\Binn;C:\Program Files\Microsoft SQL Server\160\Tools\Binn;C:\Program Files\Microsoft SQL Server\Client SDK\ODBC\170\Tools\Binn;C:\Program Files\Microsoft SQL Server\160\DTS\Binn;C:\Program Files (x86)\Microsoft SQL Server\160\DTS\Binn;C:\Users\enit-024\Desktop\Maven\apache-maven-3.9.6\bin;C:\Program Files\Microsoft SQL Server\150\Tools\Binn;C:\Program Files\Docker\Docker\resources\bin;C:\Windows\Microsoft.NET\Framework64\v4.0.30319;C:\Users\enit-024\.jdks\openjdk-ea-25\bin;C:\Program Files (x86)\Microsoft SDKs\Windows\v10.0A\bin\NETFX 4.8.1 Tools;C:\Program Files\TortoiseSVN\bin;C:\Users\enit-024\AppData\Roaming\nvm;C:\Program Files\nodejs;C:\Program Files\MySQL\MySQL Server 8.3\bin;C:\Program Files\PostgreSQL\17\bin;C:\Users\enit-024\Desktop\ffmpeg\ffmpeg-7.1-essentials_build\bin;C:\Users\enit-024\Desktop\Terraform;C:\Users\enit-024\AppData\Local\Google\Cloud SDK\google-cloud-sdk\bin;C:\Users\enit-024\Desktop\Installers\JDK25\jdk-25\bin;C:\Users\enit-024\Desktop\Installers\Apache Bench\Apache24\bin;C:\Users\enit-024\.cargo\bin;C:\Users\enit-024\AppData\Local\Microsoft\WindowsApps;C:\Users\enit-024\AppData\Local\JetBrains\Toolbox\scripts;C:\Users\enit-024\AppData\Local\Programs\Microsoft VS Code\bin;C:\Users\enit-024\.dotnet\tools;C:\Users\enit-024\AppData\Local\GitHubDesktop\bin;C:\Users\enit-024\AppData\Roaming\npm;C:\Users\enit-024\AppData\Roaming\nvm;C:\Program Files\nodejs;C:\Users\enit-024\AppData\Local\Google\Cloud SDK\google-cloud-sdk\bin;C:\Program Files\Git\usr\bin\vendor_perl;C:\Program Files\Git\usr\bin\core_perl;."/>
    <property name="java.vm.info" value="mixed mode, sharing"/>
    <property name="stderr.encoding" value="Cp1252"/>
    <property name="java.vendor" value="Oracle Corporation"/>
    <property name="java.vm.version" value="25-ea+27-3363"/>
    <property name="stdin.encoding" value="Cp1252"/>
    <property name="sun.io.unicode.encoding" value="UnicodeLittle"/>
    <property name="java.class.version" value="69.0"/>
  </properties>
  <testcase name="testApp" classname="org.demo.AppTest" time="0.002"/>
</testsuite>